nohup: ignoring input
[main 253c042] ⛓ Auto-commit from the depths at 2025-05-13 00:48:16
 2 files changed, 19 insertions(+)
 create mode 100644 autocommit.log
 create mode 100755 autocommit.sh
To github.com:AnshulPandey48/Low-level-Programming.git
   f0b78b0..253c042  main -> main
[2025-05-13 00:48:16] Synced with the underworld.
[main e8ef412] ⛓ Auto-commit from the depths at 2025-05-13 00:53:19
 5 files changed, 14 insertions(+), 7 deletions(-)
 create mode 100644 OOPS/build/Debug/inlinefun.o
 create mode 100755 OOPS/build/Debug/outDebug
 create mode 100755 OOPS/inlinefun
 create mode 100644 OOPS/inlinefun.cpp
 delete mode 100644 buffer overflow/test.c
To github.com:AnshulPandey48/Low-level-Programming.git
   8180ee9..e8ef412  main -> main
[2025-05-13 00:53:19] Synced with the underworld.
[main c86cdff] ⛓ Auto-commit from the depths at 2025-05-13 00:58:24
 4 files changed, 7 insertions(+), 2 deletions(-)
To github.com:AnshulPandey48/Low-level-Programming.git
   2a5db47..c86cdff  main -> main
[2025-05-13 00:58:24] Synced with the underworld.
On branch main
Your branch is up to date with 'origin/main'.

nothing to commit, working tree clean
Everything up-to-date
[2025-05-13 01:03:27] Synced with the underworld.
On branch main
Your branch is up to date with 'origin/main'.

nothing to commit, working tree clean
Everything up-to-date
[2025-05-13 01:08:30] Synced with the underworld.
On branch main
Your branch is up to date with 'origin/main'.

nothing to commit, working tree clean
Everything up-to-date
[2025-05-13 01:13:32] Synced with the underworld.
On branch main
Your branch is up to date with 'origin/main'.

nothing to commit, working tree clean
Everything up-to-date
[2025-05-13 01:18:35] Synced with the underworld.
On branch main
Your branch is up to date with 'origin/main'.

nothing to commit, working tree clean
Everything up-to-date
[2025-05-13 01:23:38] Synced with the underworld.
On branch main
Your branch is up to date with 'origin/main'.

nothing to commit, working tree clean
Everything up-to-date
[2025-05-13 01:28:42] Synced with the underworld.
On branch main
Your branch is up to date with 'origin/main'.

nothing to commit, working tree clean
Everything up-to-date
[2025-05-13 01:33:45] Synced with the underworld.
On branch main
Your branch is up to date with 'origin/main'.

nothing to commit, working tree clean
Everything up-to-date
[2025-05-13 01:39:33] Synced with the underworld.
On branch main
Your branch is up to date with 'origin/main'.

nothing to commit, working tree clean
Everything up-to-date
[2025-05-13 01:44:39] Synced with the underworld.
On branch main
Your branch is up to date with 'origin/main'.

nothing to commit, working tree clean
Everything up-to-date
[2025-05-13 01:50:22] Synced with the underworld.
On branch main
Your branch is up to date with 'origin/main'.

nothing to commit, working tree clean
Everything up-to-date
[2025-05-13 01:55:27] Synced with the underworld.
On branch main
Your branch is up to date with 'origin/main'.

nothing to commit, working tree clean
Everything up-to-date
[2025-05-13 02:00:32] Synced with the underworld.
On branch main
Your branch is up to date with 'origin/main'.

nothing to commit, working tree clean
Everything up-to-date
[2025-05-13 02:05:35] Synced with the underworld.
On branch main
Your branch is up to date with 'origin/main'.

nothing to commit, working tree clean
Everything up-to-date
[2025-05-13 02:10:39] Synced with the underworld.
On branch main
Your branch is up to date with 'origin/main'.

nothing to commit, working tree clean
Everything up-to-date
[2025-05-13 02:15:43] Synced with the underworld.
On branch main
Your branch is up to date with 'origin/main'.

nothing to commit, working tree clean
Everything up-to-date
[2025-05-13 02:20:45] Synced with the underworld.
On branch main
Your branch is up to date with 'origin/main'.

nothing to commit, working tree clean
Everything up-to-date
[2025-05-13 02:25:48] Synced with the underworld.
On branch main
Your branch is up to date with 'origin/main'.

nothing to commit, working tree clean
Everything up-to-date
[2025-05-13 02:30:51] Synced with the underworld.
